<?xml version="1.0" encoding="UTF-8"?>
<testsuite name="As a user I want search Simtrik on the webpage www.google.com" tests="1" skipped="0" failures="0" errors="0" timestamp="2022-02-15T21:13:04" hostname="DESKTOP-VH15CEF" time="7.063">
  <properties/>
  <testcase name="Search on the webpage" classname="As a user I want search Simtrik on the webpage www.google.com" time="7.063"/>
  <system-out><![CDATA[]]></system-out>
  <system-err><![CDATA[feb. 15, 2022 4:13:04 P. M. org.openqa.selenium.remote.DesiredCapabilities chrome
INFO: Using `new ChromeOptions()` is preferred to `DesiredCapabilities.chrome()`
Starting ChromeDriver 98.0.4758.102 (273bf7ac8c909cde36982d27f66f3c70846a3718-refs/branch-heads/4758@{#1151}) on port 38411
Only local connections are allowed.
Please see https://chromedriver.chromium.org/security-considerations for suggestions on keeping ChromeDriver safe.
ChromeDriver was started successfully.
feb. 15, 2022 4:13:06 P. M. org.openqa.selenium.remote.ProtocolHandshake createSession
INFO: Detected dialect: W3C
]]></system-err>
</testsuite>
